<?xml version="1.0" encoding="UTF-8"?>
<!-- Generated by org.testng.reporters.JUnitReportReporter -->
<testsuite skipped="0" hostname="PC-VENOM" name="com.genesislab.seleniumbase.CoreBase" tests="1" failures="0" timestamp="07 Jul 2018 19:04:33 GMT" time="39.425" errors="0">
  <testcase name="Facebook_Login" time="39.425" classname="com.genesislab.seleniumbase.CoreBase"/>
</testsuite> <!-- com.genesislab.seleniumbase.CoreBase -->
